<?xml version="1.0" encoding="UTF-8"?>
<testng-results ignored="0" total="1" passed="1" failed="0" skipped="0">
  <reporter-output>
  </reporter-output>
  <suite started-at="2023-07-15T10:37:11 IST" name="Default suite" finished-at="2023-07-15T10:37:50 IST" duration-ms="38787">
    <groups>
    </groups>
    <test started-at="2023-07-15T10:37:11 IST" name="Default test" finished-at="2023-07-15T10:37:50 IST" duration-ms="38787">
      <class name="com.test.LoginTest">
        <test-method signature="test01()[pri:0, instance:com.test.LoginTest@1f0f1111]" started-at="2023-07-15T10:37:11 IST" name="test01" finished-at="2023-07-15T10:37:50 IST" duration-ms="38680" status="PASS">
          <reporter-output>
          </reporter-output>
        </test-method> <!-- test01 -->
      </class> <!-- com.test.LoginTest -->
    </test> <!-- Default test -->
  </suite> <!-- Default suite -->
</testng-results>
